<?xml version="1.0" encoding="UTF-8"?>
<!-- Generated by org.testng.reporters.JUnitReportReporter -->
<testsuite hostname="JARVIS" name="testNG_01.Example12_param7" tests="1" failures="0" timestamp="17 May 2022 11:07:52 GMT" time="0.001" errors="0">
  <testcase name="example" time="0.001" classname="testNG_01.Example12_param7"/>
</testsuite> <!-- testNG_01.Example12_param7 -->
