<?xml version="1.0" encoding="UTF-8"?>
<!-- Generated by org.testng.reporters.JUnitReportReporter -->
<testsuite hostname="JARVIS" name="testNG_01.Example08_param02" tests="3" failures="0" timestamp="17 May 2022 11:07:52 GMT" time="0.004" errors="0">
  <testcase name="logOut" time="0.002" classname="testNG_01.Example08_param02"/>
  <testcase name="sendMail" time="0.000" classname="testNG_01.Example08_param02"/>
  <testcase name="login" time="0.002" classname="testNG_01.Example08_param02"/>
</testsuite> <!-- testNG_01.Example08_param02 -->
