<?xml version="1.0" encoding="UTF-8"?>
<!-- Generated by org.testng.reporters.JUnitReportReporter -->
<testsuite hostname="JARVIS" name="testNG_01.Exapme05" tests="1" failures="0" timestamp="17 May 2022 11:07:52 GMT" time="29.273" errors="0">
  <testcase name="loginLogoutInActitimeApplication" time="29.273" classname="testNG_01.Exapme05"/>
</testsuite> <!-- testNG_01.Exapme05 -->
