<?xml version="1.0" encoding="UTF-8"?>
<!-- Generated by org.testng.reporters.JUnitReportReporter -->
<testsuite hostname="JARVIS" name="testNG_01.Sample01" tests="1" failures="0" timestamp="17 May 2022 11:07:52 GMT" time="0.000" errors="0">
  <testcase name="tc01" time="0.000" classname="testNG_01.Sample01"/>
</testsuite> <!-- testNG_01.Sample01 -->
