<?xml version="1.0" encoding="UTF-8"?>
<!-- Generated by org.testng.reporters.JUnitReportReporter -->
<testsuite hostname="JARVIS" name="testNG_01.Example08_param3" tests="2" failures="0" timestamp="17 May 2022 11:07:52 GMT" time="0.000" errors="0">
  <testcase name="param3" time="0.000" classname="testNG_01.Example08_param3"/>
  <testcase name="param1" time="0.000" classname="testNG_01.Example08_param3"/>
</testsuite> <!-- testNG_01.Example08_param3 -->
