<?xml version="1.0" encoding="UTF-8"?>
<!-- Generated by org.testng.reporters.JUnitReportReporter -->
<testsuite hostname="JARVIS" name="testNG_01.Example09_param4" tests="3" failures="0" timestamp="17 May 2022 11:07:52 GMT" time="0.000" errors="0">
  <testcase name="signIn" time="0.000" classname="testNG_01.Example09_param4"/>
  <testcase name="sendmail" time="0.000" classname="testNG_01.Example09_param4"/>
  <testcase name="login" time="0.000" classname="testNG_01.Example09_param4"/>
</testsuite> <!-- testNG_01.Example09_param4 -->
