<?xml version="1.0" encoding="UTF-8"?>
<!-- Generated by org.testng.reporters.JUnitReportReporter -->
<testsuite hostname="JARVIS" name="testNG_01.Example02" tests="2" failures="0" timestamp="17 May 2022 11:07:52 GMT" time="0.003" errors="0">
  <testcase name="tc1" time="0.002" classname="testNG_01.Example02"/>
  <testcase name="tc02" time="0.001" classname="testNG_01.Example02"/>
</testsuite> <!-- testNG_01.Example02 -->
