<?xml version="1.0" encoding="UTF-8"?>
<!-- Generated by org.testng.reporters.JUnitReportReporter -->
<testsuite hostname="JARVIS" name="testNG_01.Example01" tests="1" failures="0" timestamp="17 May 2022 11:07:52 GMT" time="2.019" errors="0">
  <testcase name="testCase3" time="2.019" classname="testNG_01.Example01"/>
</testsuite> <!-- testNG_01.Example01 -->
