<?xml version="1.0" encoding="UTF-8"?>
<!-- Generated by org.testng.reporters.JUnitReportReporter -->
<testsuite hostname="JARVIS" name="testNG_01.Example06" tests="1" failures="0" timestamp="17 May 2022 11:07:52 GMT" time="12.928" errors="0">
  <testcase name="loginPageValidationInActitimeApplication" time="12.928" classname="testNG_01.Example06"/>
</testsuite> <!-- testNG_01.Example06 -->
