<?xml version="1.0" encoding="UTF-8"?>
<!-- Generated by org.testng.reporters.JUnitReportReporter -->
<testsuite hostname="JARVIS" name="testNG_01.Example07_Param" tests="5" failures="0" timestamp="17 May 2022 11:07:52 GMT" time="0.000" errors="0">
  <testcase name="param1" time="0.000" classname="testNG_01.Example07_Param"/>
  <testcase name="param1" time="0.000" classname="testNG_01.Example07_Param"/>
  <testcase name="param1" time="0.000" classname="testNG_01.Example07_Param"/>
  <testcase name="param1" time="0.000" classname="testNG_01.Example07_Param"/>
  <testcase name="param1" time="0.000" classname="testNG_01.Example07_Param"/>
</testsuite> <!-- testNG_01.Example07_Param -->
