<?xml version="1.0" encoding="UTF-8"?>
<!-- Generated by org.testng.reporters.JUnitReportReporter -->
<testsuite skipped="0" hostname="JARVIS" name="ScreenShots" tests="1" failures="0" timestamp="2022-05-06T18:06:17 IST" time="10.183" errors="0">
  <testcase name="screenShots" time="10.183" classname="ScreenShots"/>
  <system-out/>
</testsuite> <!-- ScreenShots -->
