<?xml version="1.0" encoding="UTF-8"?>
<!-- Generated by org.testng.reporters.JUnitReportReporter -->
<testsuite skipped="0" hostname="JARVIS" name="read_write_update_ExelSheet.ExcelOperation02" tests="1" failures="0" timestamp="2022-05-09T10:51:24 IST" time="0.513" errors="0">
  <testcase name="getCellValue" time="0.513" classname="read_write_update_ExelSheet.ExcelOperation02"/>
  <system-out/>
</testsuite> <!-- read_write_update_ExelSheet.ExcelOperation02 -->
