<?xml version="1.0" encoding="UTF-8"?>
<!-- Generated by org.testng.reporters.JUnitReportReporter -->
<testsuite skipped="0" hostname="JARVIS" name="testNgAdvXML.GroupExamples" tests="3" failures="0" timestamp="2022-05-10T17:37:35 IST" time="0.013" errors="0">
  <testcase name="testThree" time="0.002" classname="testNgAdvXML.GroupExamples"/>
  <system-out/>
  <testcase name="testFour" time="0.010" classname="testNgAdvXML.GroupExamples"/>
  <system-out/>
  <testcase name="testOne" time="0.001" classname="testNgAdvXML.GroupExamples"/>
  <system-out/>
</testsuite> <!-- testNgAdvXML.GroupExamples -->
