<?xml version="1.0" encoding="UTF-8"?>
<!-- Generated by org.testng.reporters.JUnitReportReporter -->
<testsuite skipped="0" hostname="JARVIS" name="webPagesScript.GoogleSearchScript" tests="1" failures="0" timestamp="2022-05-12T16:06:12 IST" time="8.563" errors="0">
  <testcase name="test01" time="8.563" classname="webPagesScript.GoogleSearchScript"/>
  <system-out/>
</testsuite> <!-- webPagesScript.GoogleSearchScript -->
