<?xml version="1.0" encoding="UTF-8"?>
<!-- Generated by org.testng.reporters.JUnitReportReporter -->
<testsuite skipped="1" hostname="JARVIS" name="testNG_01.Example08_param3" tests="3" failures="0" timestamp="2022-05-17T15:57:16 IST" time="0.002" errors="0">
  <testcase name="param3" time="0.001" classname="testNG_01.Example08_param3"/>
  <system-out/>
  <testcase name="param1" time="0.001" classname="testNG_01.Example08_param3"/>
  <system-out/>
  <testcase name="param2" classname="testNG_01.Example08_param3">
    <skipped/>
  </testcase> <!-- param2 -->
  <system-out/>
</testsuite> <!-- testNG_01.Example08_param3 -->
