<?xml version="1.0" encoding="UTF-8"?>
<!-- Generated by org.testng.reporters.JUnitReportReporter -->
<testsuite skipped="0" hostname="JARVIS" name="testNG_01.Example02" tests="2" failures="0" timestamp="2022-05-17T15:57:16 IST" time="0.012" errors="0">
  <testcase name="tc1" time="0.007" classname="testNG_01.Example02"/>
  <system-out/>
  <testcase name="tc02" time="0.005" classname="testNG_01.Example02"/>
  <system-out/>
</testsuite> <!-- testNG_01.Example02 -->
