<?xml version="1.0" encoding="UTF-8"?>
<!-- Generated by org.testng.reporters.JUnitReportReporter -->
<testsuite skipped="0" hostname="JARVIS" name="testNG_01.Example09_param4" tests="3" failures="0" timestamp="2022-05-17T15:57:16 IST" time="0.003" errors="0">
  <testcase name="login" time="0.001" classname="testNG_01.Example09_param4"/>
  <system-out/>
  <testcase name="signIn" time="0.001" classname="testNG_01.Example09_param4"/>
  <system-out/>
  <testcase name="sendmail" time="0.001" classname="testNG_01.Example09_param4"/>
  <system-out/>
</testsuite> <!-- testNG_01.Example09_param4 -->
