<?xml version="1.0" encoding="UTF-8"?>
<!-- Generated by org.testng.reporters.JUnitReportReporter -->
<testsuite skipped="0" hostname="JARVIS" name="webPagesScript.LoginLogouScript" tests="2" failures="0" timestamp="2022-05-14T15:48:19 IST" time="8.289" errors="0">
  <testcase name="testLogoutFunctionality" time="2.849" classname="webPagesScript.LoginLogouScript"/>
  <system-out/>
  <testcase name="testLoginFunctionality" time="5.440" classname="webPagesScript.LoginLogouScript"/>
  <system-out/>
</testsuite> <!-- webPagesScript.LoginLogouScript -->
