<?xml version="1.0" encoding="UTF-8"?>
<!-- Generated by org.testng.reporters.JUnitReportReporter -->
<testsuite skipped="0" hostname="JARVIS" name="ScreenShots01" tests="1" failures="0" timestamp="2022-05-08T13:42:39 IST" time="51.810" errors="0">
  <testcase name="testScreenShot" time="51.810" classname="ScreenShots01"/>
  <system-out/>
</testsuite> <!-- ScreenShots01 -->
