<?xml version="1.0" encoding="UTF-8"?>
<!-- Generated by org.testng.reporters.JUnitReportReporter -->
<testsuite skipped="0" hostname="JARVIS" name="testNgAdvXML.ParallelExecutionMethod" tests="2" failures="0" timestamp="2022-05-11T15:09:26 IST" time="28.535" errors="0">
  <testcase name="tc01" time="8.223" classname="testNgAdvXML.ParallelExecutionMethod"/>
  <system-out/>
  <testcase name="tc02" time="20.312" classname="testNgAdvXML.ParallelExecutionMethod"/>
  <system-out/>
</testsuite> <!-- testNgAdvXML.ParallelExecutionMethod -->
