<?xml version="1.0" encoding="UTF-8"?>
<!-- Generated by org.testng.reporters.JUnitReportReporter -->
<testsuite skipped="0" hostname="JARVIS" name="testNG_01.Example10_param5" tests="6" failures="0" timestamp="2022-05-17T15:57:16 IST" time="0.011" errors="0">
  <testcase name="checkNotification" time="0.002" classname="testNG_01.Example10_param5"/>
  <system-out/>
  <testcase name="signIn" time="0.002" classname="testNG_01.Example10_param5"/>
  <system-out/>
  <testcase name="login" time="0.001" classname="testNG_01.Example10_param5"/>
  <system-out/>
  <testcase name="div" time="0.002" classname="testNG_01.Example10_param5"/>
  <system-out/>
  <testcase name="subtr" time="0.002" classname="testNG_01.Example10_param5"/>
  <system-out/>
  <testcase name="add" time="0.002" classname="testNG_01.Example10_param5"/>
  <system-out/>
</testsuite> <!-- testNG_01.Example10_param5 -->
