<?xml version="1.0" encoding="UTF-8"?>
<!-- Generated by org.testng.reporters.JUnitReportReporter -->
<testsuite skipped="0" hostname="JARVIS" name="testNG_01.Example12_param7" tests="1" failures="0" timestamp="2022-05-17T15:57:16 IST" time="0.002" errors="0">
  <testcase name="example" time="0.002" classname="testNG_01.Example12_param7"/>
  <system-out/>
</testsuite> <!-- testNG_01.Example12_param7 -->
