<?xml version="1.0" encoding="UTF-8"?>
<!-- Generated by org.testng.reporters.JUnitReportReporter -->
<testsuite skipped="0" hostname="JARVIS" name="testNG_01.Example08_param02" tests="3" failures="0" timestamp="2022-05-17T15:57:16 IST" time="0.011" errors="0">
  <testcase name="login" time="0.006" classname="testNG_01.Example08_param02"/>
  <system-out/>
  <testcase name="sendMail" time="0.003" classname="testNG_01.Example08_param02"/>
  <system-out/>
  <testcase name="logOut" time="0.002" classname="testNG_01.Example08_param02"/>
  <system-out/>
</testsuite> <!-- testNG_01.Example08_param02 -->
