<?xml version="1.0" encoding="UTF-8"?>
<!-- Generated by org.testng.reporters.JUnitReportReporter -->
<testsuite skipped="0" hostname="JARVIS" name="testNG_01.Example07_Param" tests="5" failures="0" timestamp="2022-05-17T15:57:16 IST" time="0.013" errors="0">
  <testcase name="param1" time="0.004" classname="testNG_01.Example07_Param"/>
  <system-out/>
  <testcase name="param1" time="0.001" classname="testNG_01.Example07_Param"/>
  <system-out/>
  <testcase name="param1" time="0.002" classname="testNG_01.Example07_Param"/>
  <system-out/>
  <testcase name="param1" time="0.005" classname="testNG_01.Example07_Param"/>
  <system-out/>
  <testcase name="param1" time="0.001" classname="testNG_01.Example07_Param"/>
  <system-out/>
</testsuite> <!-- testNG_01.Example07_Param -->
