<?xml version="1.0" encoding="UTF-8"?>
<!-- Generated by org.testng.reporters.JUnitReportReporter -->
<testsuite skipped="0" hostname="JARVIS" name="read_write_update_ExelSheet.XlSheet01" tests="4" failures="0" timestamp="2022-05-08T15:51:14 IST" time="1.279" errors="0">
  <testcase name="performOperationOnSheet" time="0.935" classname="read_write_update_ExelSheet.XlSheet01"/>
  <system-out/>
  <testcase name="getRowDetails" time="0.074" classname="read_write_update_ExelSheet.XlSheet01"/>
  <system-out/>
  <testcase name="getCellCount" time="0.080" classname="read_write_update_ExelSheet.XlSheet01"/>
  <system-out/>
  <testcase name="updateExcel" time="0.190" classname="read_write_update_ExelSheet.XlSheet01"/>
  <system-out/>
</testsuite> <!-- read_write_update_ExelSheet.XlSheet01 -->
