<?xml version="1.0" encoding="UTF-8"?>
<!-- Generated by org.testng.reporters.JUnitReportReporter -->
<testsuite skipped="0" hostname="JARVIS" name="read_write_update_ExelSheet.ExcelOperation" tests="1" failures="0" timestamp="2022-05-08T18:18:53 IST" time="0.546" errors="0">
  <testcase name="performOperationOnSheet" time="0.546" classname="read_write_update_ExelSheet.ExcelOperation"/>
  <system-out/>
</testsuite> <!-- read_write_update_ExelSheet.ExcelOperation -->
