<?xml version="1.0" encoding="UTF-8"?>
<!-- Generated by org.testng.reporters.JUnitReportReporter -->
<testsuite skipped="0" hostname="JARVIS" name="testNgAdvXML.DataProviderExample" tests="6" failures="0" timestamp="2022-05-11T14:59:26 IST" time="65.011" errors="0">
  <testcase name="getDetails" time="0.006" classname="testNgAdvXML.DataProviderExample"/>
  <system-out/>
  <testcase name="setdetails" time="12.014" classname="testNgAdvXML.DataProviderExample"/>
  <system-out/>
  <testcase name="getDetails" time="0.002" classname="testNgAdvXML.DataProviderExample"/>
  <system-out/>
  <testcase name="setdetails" time="24.724" classname="testNgAdvXML.DataProviderExample"/>
  <system-out/>
  <testcase name="getDetails" time="0.002" classname="testNgAdvXML.DataProviderExample"/>
  <system-out/>
  <testcase name="setdetails" time="28.263" classname="testNgAdvXML.DataProviderExample"/>
  <system-out/>
</testsuite> <!-- testNgAdvXML.DataProviderExample -->
