<?xml version="1.0" encoding="UTF-8"?>
<!-- Generated by org.testng.reporters.JUnitReportReporter -->
<testsuite skipped="0" hostname="JARVIS" name="testNG_01.sample02" tests="1" failures="0" timestamp="2022-05-17T15:57:16 IST" time="0.001" errors="0">
  <testcase name="sample1" time="0.001" classname="testNG_01.sample02"/>
  <system-out/>
</testsuite> <!-- testNG_01.sample02 -->
