<?xml version="1.0" encoding="UTF-8"?>
<!-- Generated by org.testng.reporters.JUnitReportReporter -->
<testsuite skipped="0" hostname="JARVIS" name="ExtentReport01.Extent01" tests="1" failures="0" timestamp="2022-05-11T18:02:42 IST" time="10.824" errors="0">
  <testcase name="extentReportDemo" time="10.824" classname="ExtentReport01.Extent01"/>
  <system-out/>
</testsuite> <!-- ExtentReport01.Extent01 -->
