<?xml version="1.0" encoding="UTF-8"?>
<!-- Generated by org.testng.reporters.JUnitReportReporter -->
<testsuite skipped="0" hostname="JARVIS" name="TestNG.Example01" tests="2" failures="0" timestamp="2022-04-30T18:58:06 IST" time="8.025" errors="0">
  <testcase name="tc4" time="0.003" classname="TestNG.Example01"/>
  <system-out/>
  <testcase name="tc3" time="8.022" classname="TestNG.Example01"/>
  <system-out/>
</testsuite> <!-- TestNG.Example01 -->
