<?xml version="1.0" encoding="UTF-8"?>
<!-- Generated by org.testng.reporters.JUnitReportReporter -->
<testsuite skipped="0" hostname="JARVIS" name="pack_01.Vtiger_EndToEnd" tests="1" failures="0" timestamp="2022-05-03T15:41:15 IST" time="37.846" errors="0">
  <testcase name="vtigerEndToEnd" time="37.846" classname="pack_01.Vtiger_EndToEnd"/>
  <system-out/>
</testsuite> <!-- pack_01.Vtiger_EndToEnd -->
