<?xml version="1.0" encoding="UTF-8" ?>
<testsuite tests="27" failures="0" name="TestSuite" time="44.234" errors="0" skipped="0">
  <properties>
    <property name="java.vendor" value="Oracle Corporation"/>
    <property name="JOB_NAME" value="MavenJob01"/>
    <property name="RUN_TESTS_DISPLAY_URL" value="http://localhost:8080/job/MavenJob01/1/display/redirect?page=tests"/>
    <property name="sun.java.launcher" value="SUN_STANDARD"/>
    <property name="NUMBER_OF_PROCESSORS" value="4"/>
    <property name="sun.management.compiler" value="HotSpot 64-Bit Tiered Compilers"/>
    <property name="JENKINS_HOME" value="C:\ProgramData\Jenkins\.jenkins"/>
    <property name="HUDSON_SERVER_COOKIE" value="ab71702dd5a806ee"/>
    <property name="os.name" value="Windows 10"/>
    <property name="RegionCode" value="APJ"/>
    <property name="sun.boot.class.path" value="C:\Program Files\Java\jdk1.8.0_301\jre\lib\resources.jar;C:\Program Files\Java\jdk1.8.0_301\jre\lib\rt.jar;C:\Program Files\Java\jdk1.8.0_301\jre\lib\sunrsasign.jar;C:\Program Files\Java\jdk1.8.0_301\jre\lib\jsse.jar;C:\Program Files\Java\jdk1.8.0_301\jre\lib\jce.jar;C:\Program Files\Java\jdk1.8.0_301\jre\lib\charsets.jar;C:\Program Files\Java\jdk1.8.0_301\jre\lib\jfr.jar;C:\Program Files\Java\jdk1.8.0_301\jre\classes"/>
    <property name="EXECUTOR_NUMBER" value="1"/>
    <property name="sun.desktop" value="windows"/>
    <property name="PATHEXT" value=".COM;.EXE;.BAT;.CMD;.VBS;.VBE;.JS;.JSE;.WSF;.WSH;.MSC;.PY;.PYW"/>
    <property name="java.vm.specification.vendor" value="Oracle Corporation"/>
    <property name="NODE_LABELS" value="built-in"/>
    <property name="TEMP" value="C:\WINDOWS\TEMP"/>
    <property name="java.runtime.version" value="1.8.0_301-b09"/>
    <property name="WINSW_SERVICE_ID" value="jenkins"/>
    <property name="user.name" value="JARVIS$"/>
    <property name="guice.disable.misplaced.annotation.check" value="true"/>
    <property name="CommonProgramW6432" value="C:\Program Files\Common Files"/>
    <property name="ProgramFiles" value="C:\Program Files"/>
    <property name="OnlineServices" value="Online Services"/>
    <property name="user.language" value="en"/>
    <property name="JOB_BASE_NAME" value="MavenJob01"/>
    <property name="RUN_CHANGES_DISPLAY_URL" value="http://localhost:8080/job/MavenJob01/1/display/redirect?page=changes"/>
    <property name="BUILD_DISPLAY_NAME" value="#1"/>
    <property name="sun.boot.library.path" value="C:\Program Files\Java\jdk1.8.0_301\jre\bin"/>
    <property name="LOCALAPPDATA" value="C:\WINDOWS\system32\config\systemprofile\AppData\Local"/>
    <property name="java.version" value="1.8.0_301"/>
    <property name="PROCESSOR_LEVEL" value="6"/>
    <property name="user.timezone" value="Asia/Calcutta"/>
    <property name="USERNAME" value="JARVIS$"/>
    <property name="sun.arch.data.model" value="64"/>
    <property name="NODE_NAME" value="built-in"/>
    <property name="java.endorsed.dirs" value="C:\Program Files\Java\jdk1.8.0_301\jre\lib\endorsed"/>
    <property name="UGII_BASE_DIR" value="C:\Program Files\Siemens\NX 11.0"/>
    <property name="BUILD_ID" value="1"/>
    <property name="sun.cpu.isalist" value="amd64"/>
    <property name="sun.jnu.encoding" value="Cp1252"/>
    <property name="file.encoding.pkg" value="sun.io"/>
    <property name="UGII_LANG" value="english"/>
    <property name="file.separator" value="\"/>
    <property name="java.specification.name" value="Java Platform API Specification"/>
    <property name="maven.conf" value="C:\apache-maven-3.8.5\conf"/>
    <property name="java.class.version" value="52.0"/>
    <property name="org.slf4j.simpleLogger.defaultLogLevel" value="info"/>
    <property name="user.country" value="IN"/>
    <property name="ALLUSERSPROFILE" value="C:\ProgramData"/>
    <property name="java.home" value="C:\Program Files\Java\jdk1.8.0_301\jre"/>
    <property name="java.vm.info" value="mixed mode"/>
    <property name="os.version" value="10.0"/>
    <property name="platformcode" value="KV"/>
    <property name="RUN_DISPLAY_URL" value="http://localhost:8080/job/MavenJob01/1/display/redirect"/>
    <property name="TMP" value="C:\WINDOWS\TEMP"/>
    <property name="RUN_ARTIFACTS_DISPLAY_URL" value="http://localhost:8080/job/MavenJob01/1/display/redirect?page=artifacts"/>
    <property name="path.separator" value=";"/>
    <property name="java.vm.version" value="25.301-b09"/>
    <property name="user.variant" value=""/>
    <property name="JOB_DISPLAY_URL" value="http://localhost:8080/job/MavenJob01/display/redirect"/>
    <property name="CommonProgramFiles(x86)" value="C:\Program Files (x86)\Common Files"/>
    <property name="java.awt.printerjob" value="sun.awt.windows.WPrinterJob"/>
    <property name="JAVA_HOME" value="C:\Program Files\Java\jdk1.8.0_301"/>
    <property name="sun.io.unicode.encoding" value="UnicodeLittle"/>
    <property name="CommonProgramFiles" value="C:\Program Files\Common Files"/>
    <property name="ComSpec" value="C:\WINDOWS\system32\cmd.exe"/>
    <property name="awt.toolkit" value="sun.awt.windows.WToolkit"/>
    <property name="SERVICE_ID" value="jenkins"/>
    <property name="COMPUTERNAME" value="JARVIS"/>
    <property name="user.script" value=""/>
    <property name="user.home" value="C:\WINDOWS\system32\config\systemprofile"/>
    <property name="PUBLIC" value="C:\Users\Public"/>
    <property name="ADSK_CLM_WPAD_PROXY_CHECK" value="FALSE"/>
    <property name="BUILD_TAG" value="jenkins-MavenJob01-1"/>
    <property name="JENKINS_SERVER_COOKIE" value="ab71702dd5a806ee"/>
    <property name="HUDSON_URL" value="http://localhost:8080/"/>
    <property name="ProgramData" value="C:\ProgramData"/>
    <property name="java.specification.vendor" value="Oracle Corporation"/>
    <property name="USERPROFILE" value="C:\WINDOWS\system32\config\systemprofile"/>
    <property name="CLASSPATH" value=""/>
    <property name="java.vendor.url" value="http://java.oracle.com/"/>
    <property name="java.library.path" value="C:\Program Files\Java\jdk1.8.0_301\bin;C:\WINDOWS\Sun\Java\bin;C:\WINDOWS\system32;C:\WINDOWS;C:\apache-maven-3.8.5/bin;C:\Program Files\Java\jdk1.8.0_301/bin;C:\Program Files\Java\jdk1.8.0_301/bin;C:\Program Files (x86)\Common Files\Oracle\Java\javapath;C:\python38\Scripts\;C:\python38\;C:\Program Files (x86)\Intel\iCLS Client\;C:\Program Files\Intel\iCLS Client\;C:\windows\system32;C:\windows;C:\windows\System32\Wbem;C:\windows\System32\WindowsPowerShell\v1.0\;C:\Program Files (x86)\NVIDIA Corporation\PhysX\Common;C:\Program Files\MATLAB\R2017a\runtime\win64;C:\Program Files\MATLAB\R2017a\bin;C:\WINDOWS\system32;C:\WINDOWS;C:\WINDOWS\System32\Wbem;C:\WINDOWS\System32\WindowsPowerShell\v1.0\;C:\WINDOWS\System32\OpenSSH\;C:\Program Files\Intel\WiFi\bin\;C:\Program Files\Common Files\Intel\WirelessCommon\;C:\Program Files (x86)\Intel\Intel(R) Management Engine Components\DAL;C:\Program Files\Intel\Intel(R) Management Engine Components\DAL;C:\Program Files (x86)\Intel\Intel(R) Management Engine Components\IPT;C:\Program Files\Intel\Intel(R) Management Engine Components\IPT;C:\Program Files\NVIDIA Corporation\NVIDIA NvDLISR;C:\WINDOWS\system32;C:\WINDOWS;C:\WINDOWS\System32\Wbem;C:\WINDOWS\System32\WindowsPowerShell\v1.0\;C:\WINDOWS\System32\OpenSSH\;C:\Program Files\Java\jdk1.8.0_301\bin;C:\Program Files\MySQL\MySQL Server 8.0\bin;C:\Program Files\Git\cmd;C:\apache-maven-3.8.5\bin;C:\WINDOWS\system32\config\systemprofile\AppData\Local\Microsoft\WindowsApps;."/>
    <property name="java.vm.vendor" value="Oracle Corporation"/>
    <property name="APPDATA" value="C:\WINDOWS\system32\config\systemprofile\AppData\Roaming"/>
    <property name="java.runtime.name" value="Java(TM) SE Runtime Environment"/>
    <property name="maven.home" value="C:\apache-maven-3.8.5"/>
    <property name="java.class.path" value="C:\ProgramData\Jenkins\.jenkins\plugins\maven-plugin\WEB-INF\lib\maven35-agent-1.13.jar;C:\apache-maven-3.8.5\boot\plexus-classworlds-2.6.0.jar;C:\apache-maven-3.8.5/conf/logging"/>
    <property name="sun.java.command" value="jenkins.maven3.agent.Maven35Main C:\apache-maven-3.8.5 C:\ProgramData\Jenkins\war\WEB-INF\lib\remoting-4.13.jar C:\ProgramData\Jenkins\.jenkins\plugins\maven-plugin\WEB-INF\lib\maven35-interceptor-1.13.jar C:\ProgramData\Jenkins\.jenkins\plugins\maven-plugin\WEB-INF\lib\maven3-interceptor-commons-1.13.jar 62509"/>
    <property name="Path" value="C:\Program Files\Java\jdk1.8.0_301/bin;C:\Program Files (x86)\Common Files\Oracle\Java\javapath;C:\python38\Scripts\;C:\python38\;C:\Program Files (x86)\Intel\iCLS Client\;C:\Program Files\Intel\iCLS Client\;C:\windows\system32;C:\windows;C:\windows\System32\Wbem;C:\windows\System32\WindowsPowerShell\v1.0\;C:\Program Files (x86)\NVIDIA Corporation\PhysX\Common;C:\Program Files\MATLAB\R2017a\runtime\win64;C:\Program Files\MATLAB\R2017a\bin;C:\WINDOWS\system32;C:\WINDOWS;C:\WINDOWS\System32\Wbem;C:\WINDOWS\System32\WindowsPowerShell\v1.0\;C:\WINDOWS\System32\OpenSSH\;C:\Program Files\Intel\WiFi\bin\;C:\Program Files\Common Files\Intel\WirelessCommon\;C:\Program Files (x86)\Intel\Intel(R) Management Engine Components\DAL;C:\Program Files\Intel\Intel(R) Management Engine Components\DAL;C:\Program Files (x86)\Intel\Intel(R) Management Engine Components\IPT;C:\Program Files\Intel\Intel(R) Management Engine Components\IPT;C:\Program Files\NVIDIA Corporation\NVIDIA NvDLISR;C:\WINDOWS\system32;C:\WINDOWS;C:\WINDOWS\System32\Wbem;C:\WINDOWS\System32\WindowsPowerShell\v1.0\;C:\WINDOWS\System32\OpenSSH\;C:\Program Files\Java\jdk1.8.0_301\bin;C:\Program Files\MySQL\MySQL Server 8.0\bin;C:\Program Files\Git\cmd;C:\apache-maven-3.8.5\bin;C:\WINDOWS\system32\config\systemprofile\AppData\Local\Microsoft\WindowsApps"/>
    <property name="java.vm.specification.name" value="Java Virtual Machine Specification"/>
    <property name="PROCESSOR_ARCHITECTURE" value="AMD64"/>
    <property name="jansi.mode" value="strip"/>
    <property name="PATH+JDK" value="C:\Program Files\Java\jdk1.8.0_301/bin"/>
    <property name="PROCESSOR_IDENTIFIER" value="Intel64 Family 6 Model 142 Stepping 9, GenuineIntel"/>
    <property name="java.vm.specification.version" value="1.8"/>
    <property name="sun.os.patch.level" value=""/>
    <property name="sun.cpu.endian" value="little"/>
    <property name="M2_HOME" value="C:\apache-maven-3.8.5"/>
    <property name="java.io.tmpdir" value="C:\WINDOWS\TEMP\"/>
    <property name="CI" value="true"/>
    <property name="OS" value="Windows_NT"/>
    <property name="HUDSON_HOME" value="C:\ProgramData\Jenkins\.jenkins"/>
    <property name="PATH+MAVEN" value="C:\apache-maven-3.8.5/bin"/>
    <property name="ProgramFiles(x86)" value="C:\Program Files (x86)"/>
    <property name="BUILD_URL" value="http://localhost:8080/job/MavenJob01/1/"/>
    <property name="java.vendor.url.bug" value="http://bugreport.sun.com/bugreport/"/>
    <property name="SPLM_LICENSE_SERVER" value="28000@localhost"/>
    <property name="java.awt.graphicsenv" value="sun.awt.Win32GraphicsEnvironment"/>
    <property name="os.arch" value="amd64"/>
    <property name="SystemRoot" value="C:\WINDOWS"/>
    <property name="java.ext.dirs" value="C:\Program Files\Java\jdk1.8.0_301\jre\lib\ext;C:\WINDOWS\Sun\Java\lib\ext"/>
    <property name="user.dir" value="F:\workspace\Mavan01"/>
    <property name="JOB_URL" value="http://localhost:8080/job/MavenJob01/"/>
    <property name="USERDOMAIN" value="WORKGROUP"/>
    <property name="line.separator" value="
"/>
    <property name="MAVEN_HOME" value="C:\apache-maven-3.8.5"/>
    <property name="java.vm.name" value="Java HotSpot(TM) 64-Bit Server VM"/>
    <property name="BUILD_NUMBER" value="1"/>
    <property name="BASE" value="C:\Program Files\Jenkins"/>
    <property name="JENKINS_URL" value="http://localhost:8080/"/>
    <property name="PROCESSOR_REVISION" value="8e09"/>
    <property name="ProgramW6432" value="C:\Program Files"/>
    <property name="windir" value="C:\WINDOWS"/>
    <property name="file.encoding" value="Cp1252"/>
    <property name="SystemDrive" value="C:"/>
    <property name="maven3.interceptor" value="C:\ProgramData\Jenkins\.jenkins\plugins\maven-plugin\WEB-INF\lib\maven35-interceptor-1.13.jar"/>
    <property name="WORKSPACE_TMP" value="C:\ProgramData\Jenkins\.jenkins\workspace\MavenJob01@tmp"/>
    <property name="WORKSPACE" value="C:\ProgramData\Jenkins\.jenkins\workspace\MavenJob01"/>
    <property name="BR_TG_PATH" value="C:\BrAutomation\AsTools\Technology Guarding"/>
    <property name="maven3.interceptor.common" value="C:\ProgramData\Jenkins\.jenkins\plugins\maven-plugin\WEB-INF\lib\maven3-interceptor-commons-1.13.jar"/>
    <property name="WINSW_EXECUTABLE" value="C:\Program Files\Jenkins\jenkins.exe"/>
    <property name="java.specification.version" value="1.8"/>
    <property name="PSModulePath" value="C:\Program Files\WindowsPowerShell\Modules;C:\WINDOWS\system32\WindowsPowerShell\v1.0\Modules"/>
    <property name="DriverData" value="C:\Windows\System32\Drivers\DriverData"/>
  </properties>
  <testcase classname="testNG_01.Example01" name="testCase3" time="2.025"/>
  <testcase classname="testNG_01.Example10_param5" name="div" time="0.009"/>
  <testcase classname="testNG_01.Example10_param5" name="signIn" time="0"/>
  <testcase classname="testNG_01.Example02" name="tc02" time="0"/>
  <testcase classname="testNG_01.Example02" name="tc1" time="0"/>
  <testcase classname="testNG_01.Example12_param7" name="example" time="0.002"/>
  <testcase classname="testNG_01.Exapme05" name="loginLogoutInActitimeApplication" time="29.266"/>
  <testcase classname="testNG_01.Sample01" name="tc01" time="0"/>
  <testcase classname="testNG_01.Example06" name="loginPageValidationInActitimeApplication" time="12.928"/>
  <testcase classname="testNG_01.Example07_Param" name="param1" time="0.001"/>
  <testcase classname="testNG_01.Example07_Param" name="param1" time="0.001"/>
  <testcase classname="testNG_01.Example07_Param" name="param1" time="0"/>
  <testcase classname="testNG_01.Example07_Param" name="param1" time="0"/>
  <testcase classname="testNG_01.Example07_Param" name="param1" time="0.001"/>
  <testcase classname="testNG_01.Example09_param4" name="signIn" time="0"/>
  <testcase classname="testNG_01.Example08_param3" name="param1" time="0"/>
  <testcase classname="testNG_01.Example08_param3" name="param3" time="0"/>
  <testcase classname="testNG_01.sample02" name="sample1" time="0"/>
  <testcase classname="testNG_01.Example08_param02" name="login" time="0.001"/>
  <testcase classname="testNG_01.Example08_param02" name="sendMail" time="0"/>
  <testcase classname="testNG_01.Example08_param02" name="logOut" time="0"/>
  <testcase classname="testNG_01.Example10_param5" name="login" time="0"/>
  <testcase classname="testNG_01.Example10_param5" name="subtr" time="0"/>
  <testcase classname="testNG_01.Example09_param4" name="login" time="0"/>
  <testcase classname="testNG_01.Example10_param5" name="checkNotification" time="0"/>
  <testcase classname="testNG_01.Example10_param5" name="add" time="0"/>
  <testcase classname="testNG_01.Example09_param4" name="sendmail" time="0"/>
</testsuite>